{
  "all_aligned_gold_proved_units": 0,
  "caveat": "This is post-hoc oracle verification. Gold declarations are read only by the grader, after generation, and are not source-only prompt context.",
  "coverage_status_counts": {
    "generated_not_compiled": 4,
    "no_aligned_gold_proved": 1
  },
  "generated_at": "2026-05-06T09:22:58.967920+00:00",
  "generated_not_compiled_units": 4,
  "generation_run": "docs/latex-statement-panel-runs/2026-05-06-fresh-slice5-paid-v1/generation",
  "no_aligned_gold_proved_units": 1,
  "no_aligned_gold_to_check_units": 0,
  "partial_aligned_gold_proved_units": 0,
  "project_root": "/home/name/repos/repoprover/algebraic-combinatorics",
  "schema_version": "repoprover.latex_statement_semantic_coverage.v1",
  "selector_run": "docs/latex-statement-panel-runs/2026-05-06-fresh-slice5-paid-v1/context-selection",
  "unit_count": 5,
  "units": [
    {
      "aligned_gold_declaration_count": 1,
      "checks": [],
      "compile_gate_bypassed": false,
      "compile_passed": false,
      "coverage_status": "generated_not_compiled",
      "generation_output": "docs/latex-statement-panel-runs/2026-05-06-fresh-slice5-paid-v1/generation/batch-001/generation-output.json",
      "semantic_passed_gold_declarations": 0,
      "source_unit_id": "AlgebraicCombinatorics/tex/Determinants/LGV2.tex:cor.lgv.catalan-hankel-det-0",
      "unit_key": "unit-001"
    },
    {
      "aligned_gold_declaration_count": 1,
      "checks": [
        {
          "coverage_status": "semantic_grader_failed",
          "failure_class": "shape_mismatch_against_oracle",
          "generated_declaration_names": [
            "fps_invertible_iff_constantCoeff_field"
          ],
          "gold_full_name": "AlgebraicCombinatorics.fps_invertible_iff_constantCoeff_ne_zero",
          "gold_kind": "theorem",
          "gold_line_range": [
            199,
            210
          ],
          "gold_path": "AlgebraicCombinatorics/DividingFPS.lean",
          "lean_error_count": 3,
          "lean_returncode": 1,
          "lean_source_path": "docs/latex-statement-panel-runs/2026-05-06-fresh-slice5-paid-v1-support-scoped-rerun/eval/semantic-coverage/unit-002/gold-001.lean",
          "messages": [
            {
              "column": 15,
              "data": "Function expected at\n  constantCoeff\nbut this term has type\n  ?m.1\n\nNote: Expected a function because this term is being applied to the argument\n  a\n\nHint: The identifier `constantCoeff` is unknown, and Lean's `autoImplicit` option causes an unknown identifier to be treated as an implicitly bound variable with an unknown type. However, the unknown type cannot be a function, and a function is what Lean expects here. This is often the result of a typo or a missing `import` or `open` statement.",
              "kind": "[anonymous]",
              "line": 208,
              "severity": "error"
            },
            {
              "column": 38,
              "data": "unsolved goals\nx\u271d : Sort u_3\nconstantCoeff : x\u271d\nK : Type u_2\ninst\u271d : Field K\na : PowerSeries K\n\u22a2 PowerSeries.constantCoeff a \u2260 0 \u2194 sorry \u2260 0",
              "kind": "Tactic.unsolvedGoals",
              "line": 208,
              "severity": "error"
            },
            {
              "column": 51,
              "data": "Application type mismatch: The argument\n  F\nhas type\n  Type u_2\nbut is expected to have type\n  PowerSeries ?m.13\nin the application\n  fps_invertible_iff_constantCoeff_field F",
              "kind": "[anonymous]",
              "line": 2651,
              "severity": "error"
            }
          ],
          "semantic_check_passed": false,
          "stderr": ""
        }
      ],
      "compile_gate_bypassed": false,
      "compile_passed": true,
      "coverage_status": "no_aligned_gold_proved",
      "generation_output": "docs/latex-statement-panel-runs/2026-05-06-fresh-slice5-paid-v1/generation/batch-002/generation-output.json",
      "semantic_passed_gold_declarations": 0,
      "source_unit_id": "AlgebraicCombinatorics/tex/FPS/DividingFPS.tex:cor.fps.invertible.field",
      "unit_key": "unit-002"
    },
    {
      "aligned_gold_declaration_count": 1,
      "checks": [],
      "compile_gate_bypassed": false,
      "compile_passed": false,
      "coverage_status": "generated_not_compiled",
      "generation_output": "docs/latex-statement-panel-runs/2026-05-06-fresh-slice5-paid-v1/generation/batch-003/generation-output.json",
      "semantic_passed_gold_declarations": 0,
      "source_unit_id": "AlgebraicCombinatorics/tex/FPS/NonIntegerPowers.tex:prop.binom.nCk-2i-qedmo.CN",
      "unit_key": "unit-003"
    },
    {
      "aligned_gold_declaration_count": 1,
      "checks": [],
      "compile_gate_bypassed": false,
      "compile_passed": false,
      "coverage_status": "generated_not_compiled",
      "generation_output": "docs/latex-statement-panel-runs/2026-05-06-fresh-slice5-paid-v1/generation/batch-004/generation-output.json",
      "semantic_passed_gold_declarations": 0,
      "source_unit_id": "AlgebraicCombinatorics/tex/SignedCounting/SubtractiveMethods.tex:lem.cancel.all-even.l1",
      "unit_key": "unit-004"
    },
    {
      "aligned_gold_declaration_count": 1,
      "checks": [],
      "compile_gate_bypassed": false,
      "compile_passed": false,
      "coverage_status": "generated_not_compiled",
      "generation_output": "docs/latex-statement-panel-runs/2026-05-06-fresh-slice5-paid-v1/generation/batch-005/generation-output.json",
      "semantic_passed_gold_declarations": 0,
      "source_unit_id": "AlgebraicCombinatorics/tex/SymmetricFunctions/PieriJacobiTrudi.tex:thm.sf.jt-e",
      "unit_key": "unit-005"
    }
  ]
}
