{
  "base_imports": [
    "Mathlib"
  ],
  "base_opens": [
    "open scoped Polynomial BigOperators",
    "open PowerSeries Finset"
  ],
  "batches": [
    {
      "compile_passed_units": 0,
      "failure_class_counts": {
        "declined_cannot_prove": 1
      },
      "filtered_invalid_inferred_opens": [],
      "filtered_target_module_imports": [
        "AlgebraicCombinatorics.Determinants.LGV2",
        "AlgebraicCombinatorics.SymmetricFunctions.PieriJacobiTrudi"
      ],
      "filtered_target_namespace_opens": [
        "open LGV"
      ],
      "generation_output": "docs/latex-statement-panel-runs/2026-05-06-fresh-slice5-transitive-localdeps-v1/generation/batch-001/generation-output.json",
      "hidden_target_modules": [
        "AlgebraicCombinatorics.Determinants.LGV2"
      ],
      "hidden_target_namespaces": [
        "LGV"
      ],
      "imports": [
        "Mathlib",
        "AlgebraicCombinatorics.SymmetricFunctions.OmegaInvolution",
        "AlgebraicCombinatorics.SymmetricFunctions.NPartition",
        "AlgebraicCombinatorics.SymmetricFunctions.LittlewoodRichardson"
      ],
      "inferred_imports": [
        "AlgebraicCombinatorics.SymmetricFunctions.OmegaInvolution",
        "AlgebraicCombinatorics.SymmetricFunctions.NPartition",
        "AlgebraicCombinatorics.SymmetricFunctions.LittlewoodRichardson"
      ],
      "inferred_opens": [
        "open Finset BigOperators Matrix",
        "open Finset BigOperators Matrix MvPolynomial",
        "open SymmetricFunctions"
      ],
      "materialize_visible_support": true,
      "opens": [
        "open scoped Polynomial BigOperators",
        "open PowerSeries Finset",
        "open Finset BigOperators Matrix",
        "open Finset BigOperators Matrix MvPolynomial",
        "open SymmetricFunctions"
      ],
      "unfiltered_inferred_imports": [
        "AlgebraicCombinatorics.Determinants.LGV2",
        "AlgebraicCombinatorics.SymmetricFunctions.PieriJacobiTrudi",
        "AlgebraicCombinatorics.SymmetricFunctions.OmegaInvolution",
        "AlgebraicCombinatorics.SymmetricFunctions.NPartition",
        "AlgebraicCombinatorics.SymmetricFunctions.LittlewoodRichardson"
      ],
      "unfiltered_inferred_opens": [
        "open Finset BigOperators Matrix",
        "open LGV",
        "open Finset BigOperators Matrix MvPolynomial",
        "open SymmetricFunctions"
      ],
      "unit_count": 1,
      "units": [
        {
          "body_declaration_names": [],
          "compile_passed": false,
          "contract_violations": [],
          "declaration_names": [],
          "failure_class": "declined_cannot_prove",
          "lean_error_count": 0,
          "lean_returncode": null,
          "messages": [],
          "placeholder_tokens": [],
          "reported_status": "cannot_prove_from_visible_context",
          "skipped_reason": "cannot_prove_from_visible_context",
          "stderr": "",
          "unit_key": "unit-001",
          "visible_support_context": {
            "accepted": [
              {
                "kind": "def",
                "line": "5943",
                "name": "LGV.translateVertex",
                "path": "AlgebraicCombinatorics/Determinants/LGV2.lean"
              }
            ],
            "accepted_count": 1,
            "candidate_count": 11,
            "rejected": [
              {
                "kind": "lemma",
                "lean_error_count": 5,
                "lean_returncode": 1,
                "line": "714",
                "messages": [
                  {
                    "column": 53,
                    "data": "Function expected at\n  SimpleDigraph\nbut this term has type\n  ?m.1\n\nNote: Expected a function because this term is being applied to the argument\n  V\n\nHint: The identifier `SimpleDigraph` is unknown, and Lean's `autoImplicit` option causes an unknown identifier to be treated as an implicitly bound variable with an unknown type. However, the unknown type cannot be a function, and a function is what Lean expects here. This is often the result of a typo or a missing `import` or `open` statement.",
                    "kind": "[anonymous]",
                    "line": 19,
                    "severity": "error"
                  },
                  {
                    "column": 11,
                    "data": "Function expected at\n  kVertex\nbut this term has type\n  ?m.2\n\nNote: Expected a function because this term is being applied to the argument\n  V\n\nHint: The identifier `kVertex` is unknown, and Lean's `autoImplicit` option causes an unknown identifier to be treated as an implicitly bound variable with an unknown type. However, the unknown type cannot be a function, and a function is what Lean expects here. This is often the result of a typo or a missing `import` or `open` statement.",
                    "kind": "[anonymous]",
                    "line": 20,
                    "severity": "error"
                  },
                  {
                    "column": 11,
                    "data": "Function expected at\n  kVertex\nbut this term has type\n  ?m.2\n\nNote: Expected a function because this term is being applied to the argument\n  V\n\nHint: The identifier `kVertex` is unknown, and Lean's `autoImplicit` option causes an unknown identifier to be treated as an implicitly bound variable with an unknown type. However, the unknown type cannot be a function, and a function is what Lean expects here. This is often the result of a typo or a missing `import` or `open` statement.",
                    "kind": "[anonymous]",
                    "line": 20,
                    "severity": "error"
                  },
                  {
                    "column": 35,
                    "data": "Function expected at\n  PathTuple\nbut this term has type\n  ?m.3\n\nNote: Expected a function because this term is being applied to the argument\n  D\n\nHint: The identifier `PathTuple` is unknown, and Lean's `autoImplicit` option causes an unknown identifier to be treated as an implicitly bound variable with an unknown type. However, the unknown type cannot be a function, and a function is what Lean expects here. This is often the result of a typo or a missing `import` or `open` statement.",
                    "kind": "[anonymous]",
                    "line": 20,
                    "severity": "error"
                  },
                  {
                    "column": 35,
                    "data": "Function expected at\n  PathTuple\nbut this term has type\n  ?m.3\n\nNote: Expected a function because this term is being applied to the argument\n  D\n\nHint: The identifier `PathTuple` is unknown, and Lean's `autoImplicit` option causes an unknown identifier to be treated as an implicitly bound variable with an unknown type. However, the unknown type cannot be a function, and a function is what Lean expects here. This is often the result of a typo or a missing `import` or `open` statement.",
                    "kind": "[anonymous]",
                    "line": 20,
                    "severity": "error"
                  }
                ],
                "name": "LGV.PathTuple.ext",
                "path": "AlgebraicCombinatorics/Determinants/LGV2.lean",
                "stderr": ""
              },
              {
                "kind": "def",
                "lean_error_count": 1,
                "lean_returncode": 1,
                "line": "5222",
                "messages": [
                  {
                    "column": 18,
                    "data": "Function expected at\n  SimpleDigraph\nbut this term has type\n  ?m.1\n\nNote: Expected a function because this term is being applied to the argument\n  (\u2124 \u00d7 \u2115)\n\nHint: The identifier `SimpleDigraph` is unknown, and Lean's `autoImplicit` option causes an unknown identifier to be treated as an implicitly bound variable with an unknown type. However, the unknown type cannot be a function, and a function is what Lean expects here. This is often the result of a typo or a missing `import` or `open` statement.",
                    "kind": "[anonymous]",
                    "line": 18,
                    "severity": "error"
                  }
                ],
                "name": "LGV.dyckDigraph",
                "path": "AlgebraicCombinatorics/Determinants/LGV2.lean",
                "stderr": ""
              },
              {
                "kind": "lemma",
                "lean_error_count": 3,
                "lean_returncode": 1,
                "line": "5946",
                "messages": [
                  {
                    "column": 4,
                    "data": "Unknown identifier `dyckDigraph.arc`",
                    "kind": "lean.unknownIdentifier._namedError",
                    "line": 19,
                    "severity": "error"
                  },
                  {
                    "column": 26,
                    "data": "Unknown identifier `dyckDigraph.arc`",
                    "kind": "lean.unknownIdentifier._namedError",
                    "line": 19,
                    "severity": "error"
                  },
                  {
                    "column": 9,
                    "data": "Unknown identifier `dyckDigraph`",
                    "kind": "lean.unknownIdentifier._namedError",
                    "line": 20,
                    "severity": "error"
                  }
                ],
                "name": "LGV.dyckDigraph_arc_translate",
                "path": "AlgebraicCombinatorics/Determinants/LGV2.lean",
                "stderr": ""
              },
              {
                "kind": "def",
                "lean_error_count": 2,
                "lean_returncode": 1,
                "line": "5961",
                "messages": [
                  {
                    "column": 31,
                    "data": "Unknown identifier `SimpleDigraph.Path`",
                    "kind": "lean.unknownIdentifier._namedError",
                    "line": 18,
                    "severity": "error"
                  },
                  {
                    "column": 4,
                    "data": "Unknown identifier `SimpleDigraph.Path`",
                    "kind": "lean.unknownIdentifier._namedError",
                    "line": 19,
                    "severity": "error"
                  }
                ],
                "name": "LGV.translatePath",
                "path": "AlgebraicCombinatorics/Determinants/LGV2.lean",
                "stderr": ""
              },
              {
                "kind": "lemma",
                "lean_error_count": 3,
                "lean_returncode": 1,
                "line": "5982",
                "messages": [
                  {
                    "column": 47,
                    "data": "Unknown identifier `SimpleDigraph.Path`",
                    "kind": "lean.unknownIdentifier._namedError",
                    "line": 18,
                    "severity": "error"
                  },
                  {
                    "column": 5,
                    "data": "Function expected at\n  translatePath\nbut this term has type\n  ?m.1\n\nNote: Expected a function because this term is being applied to the argument\n  d\n\nHint: The identifier `translatePath` is unknown, and Lean's `autoImplicit` option causes an unknown identifier to be treated as an implicitly bound variable with an unknown type. However, the unknown type cannot be a function, and a function is what Lean expects here. This is often the result of a typo or a missing `import` or `open` statement.",
                    "kind": "[anonymous]",
                    "line": 19,
                    "severity": "error"
                  },
                  {
                    "column": 9,
                    "data": "Tactic `unfold` failed: Local variable `translatePath` has no definition",
                    "kind": "[anonymous]",
                    "line": 20,
                    "severity": "error"
                  }
                ],
                "name": "LGV.translatePath_start",
                "path": "AlgebraicCombinatorics/Determinants/LGV2.lean",
                "stderr": ""
              },
              {
                "kind": "lemma",
                "lean_error_count": 3,
                "lean_returncode": 1,
                "line": "5987",
                "messages": [
                  {
                    "column": 48,
                    "data": "Unknown identifier `SimpleDigraph.Path`",
                    "kind": "lean.unknownIdentifier._namedError",
                    "line": 18,
                    "severity": "error"
                  },
                  {
                    "column": 5,
                    "data": "Function expected at\n  translatePath\nbut this term has type\n  ?m.1\n\nNote: Expected a function because this term is being applied to the argument\n  d\n\nHint: The identifier `translatePath` is unknown, and Lean's `autoImplicit` option causes an unknown identifier to be treated as an implicitly bound variable with an unknown type. However, the unknown type cannot be a function, and a function is what Lean expects here. This is often the result of a typo or a missing `import` or `open` statement.",
                    "kind": "[anonymous]",
                    "line": 19,
                    "severity": "error"
                  },
                  {
                    "column": 9,
                    "data": "Tactic `unfold` failed: Local variable `translatePath` has no definition",
                    "kind": "[anonymous]",
                    "line": 20,
                    "severity": "error"
                  }
                ],
                "name": "LGV.translatePath_finish",
                "path": "AlgebraicCombinatorics/Determinants/LGV2.lean",
                "stderr": ""
              },
              {
                "kind": "lemma",
                "lean_error_count": 4,
                "lean_returncode": 1,
                "line": "5992",
                "messages": [
                  {
                    "column": 45,
                    "data": "Unknown identifier `SimpleDigraph.Path`",
                    "kind": "lean.unknownIdentifier._namedError",
                    "line": 18,
                    "severity": "error"
                  },
                  {
                    "column": 4,
                    "data": "Function expected at\n  translatePath\nbut this term has type\n  ?m.1\n\nNote: Expected a function because this term is being applied to the argument\n  (-d)\n\nHint: The identifier `translatePath` is unknown, and Lean's `autoImplicit` option causes an unknown identifier to be treated as an implicitly bound variable with an unknown type. However, the unknown type cannot be a function, and a function is what Lean expects here. This is often the result of a typo or a missing `import` or `open` statement.",
                    "kind": "[anonymous]",
                    "line": 19,
                    "severity": "error"
                  },
                  {
                    "column": 13,
                    "data": "Invalid argument: Variable `translatePath` is not a proposition or let-declaration",
                    "kind": "[anonymous]",
                    "line": 20,
                    "severity": "error"
                  },
                  {
                    "column": 2,
                    "data": "`simp` made no progress",
                    "kind": "[anonymous]",
                    "line": 20,
                    "severity": "error"
                  }
                ],
                "name": "LGV.translatePath_neg",
                "path": "AlgebraicCombinatorics/Determinants/LGV2.lean",
                "stderr": ""
              },
              {
                "kind": "lemma",
                "lean_error_count": 3,
                "lean_returncode": 1,
                "line": "6004",
                "messages": [
                  {
                    "column": 60,
                    "data": "Function expected at\n  translatePath\nbut this term has type\n  ?m.1\n\nNote: Expected a function because this term is being applied to the argument\n  d\n\nHint: The identifier `translatePath` is unknown, and Lean's `autoImplicit` option causes an unknown identifier to be treated as an implicitly bound variable with an unknown type. However, the unknown type cannot be a function, and a function is what Lean expects here. This is often the result of a typo or a missing `import` or `open` statement.",
                    "kind": "[anonymous]",
                    "line": 18,
                    "severity": "error"
                  },
                  {
                    "column": 22,
                    "data": "Function expected at\n  translatePath\nbut this term has type\n  x\u271d\n\nNote: Expected a function because this term is being applied to the argument\n  (-d)",
                    "kind": "[anonymous]",
                    "line": 20,
                    "severity": "error"
                  },
                  {
                    "column": 80,
                    "data": "unsolved goals\nx\u271d : Sort u_4\ntranslatePath : x\u271d\nd : \u2124\np q : ?m.6 d\nhpq : sorry p = sorry q\n\u22a2 p = q",
                    "kind": "Tactic.unsolvedGoals",
                    "line": 18,
                    "severity": "error"
                  }
                ],
                "name": "LGV.translatePath_injective",
                "path": "AlgebraicCombinatorics/Determinants/LGV2.lean",
                "stderr": ""
              },
              {
                "kind": "theorem",
                "lean_error_count": 8,
                "lean_returncode": 1,
                "line": "6013",
                "messages": [
                  {
                    "column": 5,
                    "data": "Function expected at\n  pathsFromTo\nbut this term has type\n  ?m.1\n\nNote: Expected a function because this term is being applied to the argument\n  dyckDigraph\n\nHint: The identifier `pathsFromTo` is unknown, and Lean's `autoImplicit` option causes an unknown identifier to be treated as an implicitly bound variable with an unknown type. However, the unknown type cannot be a function, and a function is what Lean expects here. This is often the result of a typo or a missing `import` or `open` statement.",
                    "kind": "[anonymous]",
                    "line": 19,
                    "severity": "error"
                  },
                  {
                    "column": 16,
                    "data": "Function expected at\n  pathsFromTo\nbut this term has type\n  x\u271d\n\nNote: Expected a function because this term is being applied to the argument\n  dyckDigraph",
                    "kind": "[anonymous]",
                    "line": 22,
                    "severity": "error"
                  },
                  {
                    "column": 16,
                    "data": "Function expected at\n  pathsFromTo\nbut this term has type\n  x\u271d\n\nNote: Expected a function because this term is being applied to the argument\n  dyckDigraph",
                    "kind": "[anonymous]",
                    "line": 23,
                    "severity": "error"
                  },
                  {
                    "column": 6,
                    "data": "No goals to be solved",
                    "kind": "[anonymous]",
                    "line": 27,
                    "severity": "error"
                  },
                  {
                    "column": 6,
                    "data": "No goals to be solved",
                    "kind": "[anonymous]",
                    "line": 37,
                    "severity": "error"
                  }
                ],
                "name": "LGV.dyck_paths_shifted_eq_catalan",
                "path": "AlgebraicCombinatorics/Determinants/LGV2.lean",
                "stderr": ""
              },
              {
                "kind": "theorem",
                "lean_error_count": 3,
                "lean_returncode": 1,
                "line": "6059",
                "messages": [
                  {
                    "column": 4,
                    "data": "Function expected at\n  catalanHankelMatrix\nbut this term has type\n  ?m.1\n\nNote: Expected a function because this term is being applied to the argument\n  k\n\nHint: The identifier `catalanHankelMatrix` is unknown, and Lean's `autoImplicit` option causes an unknown identifier to be treated as an implicitly bound variable with an unknown type. However, the unknown type cannot be a function, and a function is what Lean expects here. This is often the result of a typo or a missing `import` or `open` statement.",
                    "kind": "[anonymous]",
                    "line": 19,
                    "severity": "error"
                  },
                  {
                    "column": 4,
                    "data": "Function expected at\n  pathWeightMatrix\nbut this term has type\n  ?m.2\n\nNote: Expected a function because this term is being applied to the argument\n  dyckDigraph_pathFinite\n\nHint: The identifier `pathWeightMatrix` is unknown, and Lean's `autoImplicit` option causes an unknown identifier to be treated as an implicitly bound variable with an unknown type. However, the unknown type cannot be a function, and a function is what Lean expects here. This is often the result of a typo or a missing `import` or `open` statement.",
                    "kind": "[anonymous]",
                    "line": 20,
                    "severity": "error"
                  },
                  {
                    "column": 2,
                    "data": "No applicable extensionality theorem found for type\n  ?m.10 k\n\nNote: Extensionality theorems can be registered by marking them with the `[ext]` attribute",
                    "kind": "[anonymous]",
                    "line": 23,
                    "severity": "error"
                  }
                ],
                "name": "LGV.catalanHankelMatrix_eq_pathWeightMatrix",
                "path": "AlgebraicCombinatorics/Determinants/LGV2.lean",
                "stderr": ""
              }
            ],
            "rejected_count": 10
          }
        }
      ]
    },
    {
      "compile_passed_units": 0,
      "failure_class_counts": {
        "compile_failure": 1
      },
      "filtered_invalid_inferred_opens": [],
      "filtered_target_module_imports": [
        "AlgebraicCombinatorics.DividingFPS"
      ],
      "filtered_target_namespace_opens": [
        "open AlgebraicCombinatorics"
      ],
      "generation_output": "docs/latex-statement-panel-runs/2026-05-06-fresh-slice5-transitive-localdeps-v1/generation/batch-002/generation-output.json",
      "hidden_target_modules": [
        "AlgebraicCombinatorics.DividingFPS"
      ],
      "hidden_target_namespaces": [
        "AlgebraicCombinatorics"
      ],
      "imports": [
        "Mathlib",
        "AlgebraicCombinatorics.FPS.ExpLog",
        "AlgebraicCombinatorics.FPS.InfiniteProducts"
      ],
      "inferred_imports": [
        "AlgebraicCombinatorics.FPS.ExpLog",
        "AlgebraicCombinatorics.FPS.InfiniteProducts"
      ],
      "inferred_opens": [
        "open scoped BigOperators",
        "open PowerSeries",
        "open Nat Finset"
      ],
      "materialize_visible_support": true,
      "opens": [
        "open scoped Polynomial BigOperators",
        "open PowerSeries Finset",
        "open scoped BigOperators",
        "open PowerSeries",
        "open Nat Finset"
      ],
      "unfiltered_inferred_imports": [
        "AlgebraicCombinatorics.DividingFPS",
        "AlgebraicCombinatorics.FPS.ExpLog",
        "AlgebraicCombinatorics.FPS.InfiniteProducts"
      ],
      "unfiltered_inferred_opens": [
        "open scoped BigOperators",
        "open AlgebraicCombinatorics",
        "open PowerSeries",
        "open Nat Finset"
      ],
      "unit_count": 1,
      "units": [
        {
          "body_declaration_names": [
            "fps_invertible_iff_constantCoeff_field"
          ],
          "compile_passed": false,
          "contract_violations": [],
          "declaration_names": [
            "fps_invertible_iff_constantCoeff_field"
          ],
          "failure_class": "compile_failure",
          "lean_error_count": 2,
          "lean_returncode": 1,
          "messages": [
            {
              "column": 24,
              "data": "Application type mismatch: The argument\n  h\nhas type\n  IsUnit (constantCoeff a)\nof sort `Prop` but is expected to have type\n  ?m.20\u02e3\nof sort `Type ?u.2676` in the application\n  Units.ne_zero h",
              "kind": "[anonymous]",
              "line": 20,
              "severity": "error"
            },
            {
              "column": 10,
              "data": "Unknown constant `IsUnit.mk`",
              "kind": "lean.unknownIdentifier._namedError",
              "line": 22,
              "severity": "error"
            }
          ],
          "placeholder_tokens": [],
          "reported_status": "generated",
          "skipped_reason": null,
          "stderr": "",
          "unit_key": "unit-002",
          "visible_support_context": {
            "accepted": [
              {
                "kind": "theorem",
                "line": "195",
                "name": "AlgebraicCombinatorics.fps_invertible_iff_constantCoeff",
                "path": "AlgebraicCombinatorics/DividingFPS.lean"
              }
            ],
            "accepted_count": 1,
            "candidate_count": 5,
            "rejected": [
              {
                "kind": "def",
                "lean_error_count": 5,
                "lean_returncode": 1,
                "line": "140",
                "messages": [
                  {
                    "column": 27,
                    "data": "failed to synthesize instance of type class\n  Monoid L\n\nHint: Type class instance resolution failures can be inspected with the `set_option trace.Meta.synthInstance true` command.",
                    "kind": "lean.synthInstanceFailed._namedError",
                    "line": 17,
                    "severity": "error"
                  },
                  {
                    "column": 49,
                    "data": "failed to synthesize instance of type class\n  Monoid L\n\nHint: Type class instance resolution failures can be inspected with the `set_option trace.Meta.synthInstance true` command.",
                    "kind": "lean.synthInstanceFailed._namedError",
                    "line": 17,
                    "severity": "error"
                  },
                  {
                    "column": 0,
                    "data": "Scoped attributes must be used inside namespaces",
                    "kind": "[anonymous]",
                    "line": 19,
                    "severity": "error"
                  },
                  {
                    "column": 0,
                    "data": "invalid syntax node kind `\u00abterm_/\u1d64_\u00bb`",
                    "kind": "[anonymous]",
                    "line": 19,
                    "severity": "error"
                  },
                  {
                    "column": 0,
                    "data": "Scoped attributes must be used inside namespaces",
                    "kind": "[anonymous]",
                    "line": 19,
                    "severity": "error"
                  }
                ],
                "name": "AlgebraicCombinatorics.divByUnit",
                "path": "AlgebraicCombinatorics/DividingFPS.lean",
                "stderr": ""
              },
              {
                "kind": "theorem",
                "lean_error_count": 6,
                "lean_returncode": 1,
                "line": "146",
                "messages": [
                  {
                    "column": 34,
                    "data": "failed to synthesize instance of type class\n  Monoid L\n\nHint: Type class instance resolution failures can be inspected with the `set_option trace.Meta.synthInstance true` command.",
                    "kind": "lean.synthInstanceFailed._namedError",
                    "line": 17,
                    "severity": "error"
                  },
                  {
                    "column": 34,
                    "data": "failed to synthesize instance of type class\n  Monoid L\n\nHint: Type class instance resolution failures can be inspected with the `set_option trace.Meta.synthInstance true` command.",
                    "kind": "lean.synthInstanceFailed._namedError",
                    "line": 17,
                    "severity": "error"
                  },
                  {
                    "column": 8,
                    "data": "elaboration function for `Mathlib.Tactic.subscriptTerm` has not been implemented\n  \u1d64",
                    "kind": "[anonymous]",
                    "line": 18,
                    "severity": "error"
                  },
                  {
                    "column": 19,
                    "data": "elaboration function for `Mathlib.Tactic.subscriptTerm` has not been implemented\n  \u1d64",
                    "kind": "[anonymous]",
                    "line": 18,
                    "severity": "error"
                  },
                  {
                    "column": 55,
                    "data": "elaboration function for `Mathlib.Tactic.subscriptTerm` has not been implemented\n  \u1d64",
                    "kind": "[anonymous]",
                    "line": 18,
                    "severity": "error"
                  }
                ],
                "name": "AlgebraicCombinatorics.fracs1_div_add_div",
                "path": "AlgebraicCombinatorics/DividingFPS.lean",
                "stderr": ""
              },
              {
                "kind": "theorem",
                "lean_error_count": 7,
                "lean_returncode": 1,
                "line": "160",
                "messages": [
                  {
                    "column": 34,
                    "data": "failed to synthesize instance of type class\n  Monoid L\n\nHint: Type class instance resolution failures can be inspected with the `set_option trace.Meta.synthInstance true` command.",
                    "kind": "lean.synthInstanceFailed._namedError",
                    "line": 17,
                    "severity": "error"
                  },
                  {
                    "column": 34,
                    "data": "failed to synthesize instance of type class\n  Monoid L\n\nHint: Type class instance resolution failures can be inspected with the `set_option trace.Meta.synthInstance true` command.",
                    "kind": "lean.synthInstanceFailed._namedError",
                    "line": 17,
                    "severity": "error"
                  },
                  {
                    "column": 8,
                    "data": "elaboration function for `Mathlib.Tactic.subscriptTerm` has not been implemented\n  \u1d64",
                    "kind": "[anonymous]",
                    "line": 18,
                    "severity": "error"
                  },
                  {
                    "column": 19,
                    "data": "elaboration function for `Mathlib.Tactic.subscriptTerm` has not been implemented\n  \u1d64",
                    "kind": "[anonymous]",
                    "line": 18,
                    "severity": "error"
                  },
                  {
                    "column": 35,
                    "data": "elaboration function for `Mathlib.Tactic.subscriptTerm` has not been implemented\n  \u1d64",
                    "kind": "[anonymous]",
                    "line": 18,
                    "severity": "error"
                  }
                ],
                "name": "AlgebraicCombinatorics.fracs1_div_mul_div",
                "path": "AlgebraicCombinatorics/DividingFPS.lean",
                "stderr": ""
              },
              {
                "kind": "theorem",
                "lean_error_count": 3,
                "lean_returncode": 1,
                "line": "167",
                "messages": [
                  {
                    "column": 31,
                    "data": "failed to synthesize instance of type class\n  Monoid L\n\nHint: Type class instance resolution failures can be inspected with the `set_option trace.Meta.synthInstance true` command.",
                    "kind": "lean.synthInstanceFailed._namedError",
                    "line": 17,
                    "severity": "error"
                  },
                  {
                    "column": 8,
                    "data": "elaboration function for `Mathlib.Tactic.subscriptTerm` has not been implemented\n  \u1d64",
                    "kind": "[anonymous]",
                    "line": 18,
                    "severity": "error"
                  },
                  {
                    "column": 9,
                    "data": "Unknown identifier `divByUnit`",
                    "kind": "lean.unknownIdentifier._namedError",
                    "line": 19,
                    "severity": "error"
                  }
                ],
                "name": "AlgebraicCombinatorics.fracs1_div_eq_iff",
                "path": "AlgebraicCombinatorics/DividingFPS.lean",
                "stderr": ""
              }
            ],
            "rejected_count": 4
          }
        }
      ]
    },
    {
      "compile_passed_units": 0,
      "failure_class_counts": {
        "declined_cannot_prove": 1
      },
      "filtered_invalid_inferred_opens": [
        {
          "lean_error_count": 1,
          "lean_returncode": 1,
          "messages": [
            {
              "column": 5,
              "data": "unknown namespace `AlgebraicCombinatorics`",
              "kind": "[anonymous]",
              "line": 7,
              "severity": "error"
            }
          ],
          "open_statement": "open AlgebraicCombinatorics",
          "stderr": ""
        }
      ],
      "filtered_target_module_imports": [
        "AlgebraicCombinatorics.FPS.NonIntegerPowers"
      ],
      "filtered_target_namespace_opens": [
        "open FPS"
      ],
      "generation_output": "docs/latex-statement-panel-runs/2026-05-06-fresh-slice5-transitive-localdeps-v1/generation/batch-003/generation-output.json",
      "hidden_target_modules": [
        "AlgebraicCombinatorics.FPS.NonIntegerPowers"
      ],
      "hidden_target_namespaces": [
        "AlgebraicCombinatorics.FPS"
      ],
      "imports": [
        "Mathlib",
        "AlgebraicCombinatorics.FPS.ExpLog"
      ],
      "inferred_imports": [
        "AlgebraicCombinatorics.FPS.ExpLog"
      ],
      "inferred_opens": [
        "open scoped Polynomial",
        "open PowerSeries Finset"
      ],
      "materialize_visible_support": true,
      "opens": [
        "open scoped Polynomial BigOperators",
        "open PowerSeries Finset",
        "open scoped Polynomial"
      ],
      "unfiltered_inferred_imports": [
        "AlgebraicCombinatorics.FPS.NonIntegerPowers",
        "AlgebraicCombinatorics.FPS.ExpLog"
      ],
      "unfiltered_inferred_opens": [
        "open scoped Polynomial",
        "open PowerSeries Finset",
        "open AlgebraicCombinatorics",
        "open FPS"
      ],
      "unit_count": 1,
      "units": [
        {
          "body_declaration_names": [],
          "compile_passed": false,
          "contract_violations": [],
          "declaration_names": [],
          "failure_class": "declined_cannot_prove",
          "lean_error_count": 0,
          "lean_returncode": null,
          "messages": [],
          "placeholder_tokens": [],
          "reported_status": "cannot_prove_from_visible_context",
          "skipped_reason": "cannot_prove_from_visible_context",
          "stderr": "",
          "unit_key": "unit-003",
          "visible_support_context": {
            "accepted": [
              {
                "kind": "lemma",
                "line": "1783",
                "name": "AlgebraicCombinatorics.FPS.rescale_neg_one_one_sub_X",
                "path": "AlgebraicCombinatorics/FPS/NonIntegerPowers.lean"
              },
              {
                "kind": "lemma",
                "line": "1795",
                "name": "AlgebraicCombinatorics.FPS.one_sub_X_pow_mul_invOneSubPow",
                "path": "AlgebraicCombinatorics/FPS/NonIntegerPowers.lean"
              },
              {
                "kind": "lemma",
                "line": "1803",
                "name": "AlgebraicCombinatorics.FPS.one_add_X_pow_mul_rescale_invOneSubPow",
                "path": "AlgebraicCombinatorics/FPS/NonIntegerPowers.lean"
              },
              {
                "kind": "lemma",
                "line": "1814",
                "name": "AlgebraicCombinatorics.FPS.one_sub_X_sq_pow",
                "path": "AlgebraicCombinatorics/FPS/NonIntegerPowers.lean"
              },
              {
                "kind": "lemma",
                "line": "1821",
                "name": "AlgebraicCombinatorics.FPS.one_sub_X_sq_pow_mul_prod",
                "path": "AlgebraicCombinatorics/FPS/NonIntegerPowers.lean"
              }
            ],
            "accepted_count": 5,
            "candidate_count": 12,
            "rejected": [
              {
                "kind": "theorem",
                "lean_error_count": 3,
                "lean_returncode": 1,
                "line": "203",
                "messages": [
                  {
                    "column": 8,
                    "data": "automatically included section variable(s) unused in theorem `_private._stdin.0.rescale_neg_one_one_sub_X`:\n  [Algebra \u211a K]\n  [BinomialRing K]\n  [CharZero K]\nconsider restructuring your `variable` declarations so that the variables are not in scope or explicitly omit them:\n  omit [Algebra \u211a K] [BinomialRing K] [CharZero K] in theorem ...\n\nNote: This linter can be disabled with `set_option linter.unusedSectionVars false`",
                    "kind": "linter.unusedSectionVars",
                    "line": 10,
                    "severity": "warning"
                  },
                  {
                    "column": 8,
                    "data": "automatically included section variable(s) unused in theorem `_private._stdin.0.one_sub_X_pow_mul_invOneSubPow`:\n  [Algebra \u211a K]\n  [BinomialRing K]\n  [CharZero K]\nconsider restructuring your `variable` declarations so that the variables are not in scope or explicitly omit them:\n  omit [Algebra \u211a K] [BinomialRing K] [CharZero K] in theorem ...\n\nNote: This linter can be disabled with `set_option linter.unusedSectionVars false`",
                    "kind": "linter.unusedSectionVars",
                    "line": 26,
                    "severity": "warning"
                  },
                  {
                    "column": 8,
                    "data": "automatically included section variable(s) unused in theorem `_private._stdin.0.one_sub_X_sq_pow`:\n  [Algebra \u211a K]\n  [BinomialRing K]\n  [CharZero K]\nconsider restructuring your `variable` declarations so that the variables are not in scope or explicitly omit them:\n  omit [Algebra \u211a K] [BinomialRing K] [CharZero K] in theorem ...\n\nNote: This linter can be disabled with `set_option linter.unusedSectionVars false`",
                    "kind": "linter.unusedSectionVars",
                    "line": 53,
                    "severity": "warning"
                  },
                  {
                    "column": 46,
                    "data": "Function expected at\n  HasConstantTermOne\nbut this term has type\n  ?m.6\n\nNote: Expected a function because this term is being applied to the argument\n  f\n\nHint: The identifier `HasConstantTermOne` is unknown, and Lean's `autoImplicit` option causes an unknown identifier to be treated as an implicitly bound variable with an unknown type. However, the unknown type cannot be a function, and a function is what Lean expects here. This is often the result of a typo or a missing `import` or `open` statement.",
                    "kind": "[anonymous]",
                    "line": 76,
                    "severity": "error"
                  },
                  {
                    "column": 19,
                    "data": "Function expected at\n  fpsLog\nbut this term has type\n  ?m.7\n\nNote: Expected a function because this term is being applied to the argument\n  f\n\nHint: The identifier `fpsLog` is unknown, and Lean's `autoImplicit` option causes an unknown identifier to be treated as an implicitly bound variable with an unknown type. However, the unknown type cannot be a function, and a function is what Lean expects here. This is often the result of a typo or a missing `import` or `open` statement.",
                    "kind": "[anonymous]",
                    "line": 77,
                    "severity": "error"
                  }
                ],
                "name": "AlgebraicCombinatorics.FPS.constantCoeff_fpsLog",
                "path": "AlgebraicCombinatorics/FPS/NonIntegerPowers.lean",
                "stderr": ""
              },
              {
                "kind": "theorem",
                "lean_error_count": 3,
                "lean_returncode": 1,
                "line": "295",
                "messages": [
                  {
                    "column": 8,
                    "data": "automatically included section variable(s) unused in theorem `_private._stdin.0.rescale_neg_one_one_sub_X`:\n  [Algebra \u211a K]\n  [BinomialRing K]\n  [CharZero K]\nconsider restructuring your `variable` declarations so that the variables are not in scope or explicitly omit them:\n  omit [Algebra \u211a K] [BinomialRing K] [CharZero K] in theorem ...\n\nNote: This linter can be disabled with `set_option linter.unusedSectionVars false`",
                    "kind": "linter.unusedSectionVars",
                    "line": 10,
                    "severity": "warning"
                  },
                  {
                    "column": 8,
                    "data": "automatically included section variable(s) unused in theorem `_private._stdin.0.one_sub_X_pow_mul_invOneSubPow`:\n  [Algebra \u211a K]\n  [BinomialRing K]\n  [CharZero K]\nconsider restructuring your `variable` declarations so that the variables are not in scope or explicitly omit them:\n  omit [Algebra \u211a K] [BinomialRing K] [CharZero K] in theorem ...\n\nNote: This linter can be disabled with `set_option linter.unusedSectionVars false`",
                    "kind": "linter.unusedSectionVars",
                    "line": 26,
                    "severity": "warning"
                  },
                  {
                    "column": 8,
                    "data": "automatically included section variable(s) unused in theorem `_private._stdin.0.one_sub_X_sq_pow`:\n  [Algebra \u211a K]\n  [BinomialRing K]\n  [CharZero K]\nconsider restructuring your `variable` declarations so that the variables are not in scope or explicitly omit them:\n  omit [Algebra \u211a K] [BinomialRing K] [CharZero K] in theorem ...\n\nNote: This linter can be disabled with `set_option linter.unusedSectionVars false`",
                    "kind": "linter.unusedSectionVars",
                    "line": 53,
                    "severity": "warning"
                  },
                  {
                    "column": 4,
                    "data": "Function expected at\n  fpsExp\nbut this term has type\n  ?m.6\n\nNote: Expected a function because this term is being applied to the argument\n  (x + y)\n\nHint: The identifier `fpsExp` is unknown, and Lean's `autoImplicit` option causes an unknown identifier to be treated as an implicitly bound variable with an unknown type. However, the unknown type cannot be a function, and a function is what Lean expects here. This is often the result of a typo or a missing `import` or `open` statement.",
                    "kind": "[anonymous]",
                    "line": 77,
                    "severity": "error"
                  },
                  {
                    "column": 21,
                    "data": "Function expected at\n  fpsExp\nbut this term has type\n  ?m.6\n\nNote: Expected a function because this term is being applied to the argument\n  x\n\nHint: The identifier `fpsExp` is unknown, and Lean's `autoImplicit` option causes an unknown identifier to be treated as an implicitly bound variable with an unknown type. However, the unknown type cannot be a function, and a function is what Lean expects here. This is often the result of a typo or a missing `import` or `open` statement.",
                    "kind": "[anonymous]",
                    "line": 77,
                    "severity": "error"
                  }
                ],
                "name": "AlgebraicCombinatorics.FPS.fpsExp_add",
                "path": "AlgebraicCombinatorics/FPS/NonIntegerPowers.lean",
                "stderr": ""
              },
              {
                "kind": "theorem",
                "lean_error_count": 8,
                "lean_returncode": 1,
                "line": "445",
                "messages": [
                  {
                    "column": 8,
                    "data": "automatically included section variable(s) unused in theorem `_private._stdin.0.rescale_neg_one_one_sub_X`:\n  [Algebra \u211a K]\n  [BinomialRing K]\n  [CharZero K]\nconsider restructuring your `variable` declarations so that the variables are not in scope or explicitly omit them:\n  omit [Algebra \u211a K] [BinomialRing K] [CharZero K] in theorem ...\n\nNote: This linter can be disabled with `set_option linter.unusedSectionVars false`",
                    "kind": "linter.unusedSectionVars",
                    "line": 10,
                    "severity": "warning"
                  },
                  {
                    "column": 8,
                    "data": "automatically included section variable(s) unused in theorem `_private._stdin.0.one_sub_X_pow_mul_invOneSubPow`:\n  [Algebra \u211a K]\n  [BinomialRing K]\n  [CharZero K]\nconsider restructuring your `variable` declarations so that the variables are not in scope or explicitly omit them:\n  omit [Algebra \u211a K] [BinomialRing K] [CharZero K] in theorem ...\n\nNote: This linter can be disabled with `set_option linter.unusedSectionVars false`",
                    "kind": "linter.unusedSectionVars",
                    "line": 26,
                    "severity": "warning"
                  },
                  {
                    "column": 8,
                    "data": "automatically included section variable(s) unused in theorem `_private._stdin.0.one_sub_X_sq_pow`:\n  [Algebra \u211a K]\n  [BinomialRing K]\n  [CharZero K]\nconsider restructuring your `variable` declarations so that the variables are not in scope or explicitly omit them:\n  omit [Algebra \u211a K] [BinomialRing K] [CharZero K] in theorem ...\n\nNote: This linter can be disabled with `set_option linter.unusedSectionVars false`",
                    "kind": "linter.unusedSectionVars",
                    "line": 53,
                    "severity": "warning"
                  },
                  {
                    "column": 38,
                    "data": "Function expected at\n  HasConstantTermOne\nbut this term has type\n  ?m.6\n\nNote: Expected a function because this term is being applied to the argument\n  f\n\nHint: The identifier `HasConstantTermOne` is unknown, and Lean's `autoImplicit` option causes an unknown identifier to be treated as an implicitly bound variable with an unknown type. However, the unknown type cannot be a function, and a function is what Lean expects here. This is often the result of a typo or a missing `import` or `open` statement.",
                    "kind": "[anonymous]",
                    "line": 76,
                    "severity": "error"
                  },
                  {
                    "column": 66,
                    "data": "Function expected at\n  HasConstantTermOne\nbut this term has type\n  ?m.6\n\nNote: Expected a function because this term is being applied to the argument\n  g\n\nHint: The identifier `HasConstantTermOne` is unknown, and Lean's `autoImplicit` option causes an unknown identifier to be treated as an implicitly bound variable with an unknown type. However, the unknown type cannot be a function, and a function is what Lean expects here. This is often the result of a typo or a missing `import` or `open` statement.",
                    "kind": "[anonymous]",
                    "line": 76,
                    "severity": "error"
                  }
                ],
                "name": "AlgebraicCombinatorics.FPS.fpsLog_mul",
                "path": "AlgebraicCombinatorics/FPS/NonIntegerPowers.lean",
                "stderr": ""
              },
              {
                "kind": "def",
                "lean_error_count": 4,
                "lean_returncode": 1,
                "line": "514",
                "messages": [
                  {
                    "column": 8,
                    "data": "automatically included section variable(s) unused in theorem `_private._stdin.0.rescale_neg_one_one_sub_X`:\n  [Algebra \u211a K]\n  [BinomialRing K]\n  [CharZero K]\nconsider restructuring your `variable` declarations so that the variables are not in scope or explicitly omit them:\n  omit [Algebra \u211a K] [BinomialRing K] [CharZero K] in theorem ...\n\nNote: This linter can be disabled with `set_option linter.unusedSectionVars false`",
                    "kind": "linter.unusedSectionVars",
                    "line": 10,
                    "severity": "warning"
                  },
                  {
                    "column": 8,
                    "data": "automatically included section variable(s) unused in theorem `_private._stdin.0.one_sub_X_pow_mul_invOneSubPow`:\n  [Algebra \u211a K]\n  [BinomialRing K]\n  [CharZero K]\nconsider restructuring your `variable` declarations so that the variables are not in scope or explicitly omit them:\n  omit [Algebra \u211a K] [BinomialRing K] [CharZero K] in theorem ...\n\nNote: This linter can be disabled with `set_option linter.unusedSectionVars false`",
                    "kind": "linter.unusedSectionVars",
                    "line": 26,
                    "severity": "warning"
                  },
                  {
                    "column": 8,
                    "data": "automatically included section variable(s) unused in theorem `_private._stdin.0.one_sub_X_sq_pow`:\n  [Algebra \u211a K]\n  [BinomialRing K]\n  [CharZero K]\nconsider restructuring your `variable` declarations so that the variables are not in scope or explicitly omit them:\n  omit [Algebra \u211a K] [BinomialRing K] [CharZero K] in theorem ...\n\nNote: This linter can be disabled with `set_option linter.unusedSectionVars false`",
                    "kind": "linter.unusedSectionVars",
                    "line": 53,
                    "severity": "warning"
                  },
                  {
                    "column": 2,
                    "data": "Unknown identifier `fpsExp`",
                    "kind": "lean.unknownIdentifier._namedError",
                    "line": 77,
                    "severity": "error"
                  },
                  {
                    "column": 0,
                    "data": "Scoped attributes must be used inside namespaces",
                    "kind": "[anonymous]",
                    "line": 79,
                    "severity": "error"
                  }
                ],
                "name": "AlgebraicCombinatorics.FPS.fpsPow",
                "path": "AlgebraicCombinatorics/FPS/NonIntegerPowers.lean",
                "stderr": ""
              },
              {
                "kind": "theorem",
                "lean_error_count": 6,
                "lean_returncode": 1,
                "line": "565",
                "messages": [
                  {
                    "column": 8,
                    "data": "automatically included section variable(s) unused in theorem `_private._stdin.0.rescale_neg_one_one_sub_X`:\n  [Algebra \u211a K]\n  [BinomialRing K]\n  [CharZero K]\nconsider restructuring your `variable` declarations so that the variables are not in scope or explicitly omit them:\n  omit [Algebra \u211a K] [BinomialRing K] [CharZero K] in theorem ...\n\nNote: This linter can be disabled with `set_option linter.unusedSectionVars false`",
                    "kind": "linter.unusedSectionVars",
                    "line": 10,
                    "severity": "warning"
                  },
                  {
                    "column": 8,
                    "data": "automatically included section variable(s) unused in theorem `_private._stdin.0.one_sub_X_pow_mul_invOneSubPow`:\n  [Algebra \u211a K]\n  [BinomialRing K]\n  [CharZero K]\nconsider restructuring your `variable` declarations so that the variables are not in scope or explicitly omit them:\n  omit [Algebra \u211a K] [BinomialRing K] [CharZero K] in theorem ...\n\nNote: This linter can be disabled with `set_option linter.unusedSectionVars false`",
                    "kind": "linter.unusedSectionVars",
                    "line": 26,
                    "severity": "warning"
                  },
                  {
                    "column": 8,
                    "data": "automatically included section variable(s) unused in theorem `_private._stdin.0.one_sub_X_sq_pow`:\n  [Algebra \u211a K]\n  [BinomialRing K]\n  [CharZero K]\nconsider restructuring your `variable` declarations so that the variables are not in scope or explicitly omit them:\n  omit [Algebra \u211a K] [BinomialRing K] [CharZero K] in theorem ...\n\nNote: This linter can be disabled with `set_option linter.unusedSectionVars false`",
                    "kind": "linter.unusedSectionVars",
                    "line": 53,
                    "severity": "warning"
                  },
                  {
                    "column": 13,
                    "data": "elaboration function for `Mathlib.Tactic.superscriptTerm` has not been implemented\n  \u1da0",
                    "kind": "[anonymous]",
                    "line": 77,
                    "severity": "error"
                  },
                  {
                    "column": 23,
                    "data": "elaboration function for `Mathlib.Tactic.superscriptTerm` has not been implemented\n  \u1da0",
                    "kind": "[anonymous]",
                    "line": 77,
                    "severity": "error"
                  }
                ],
                "name": "AlgebraicCombinatorics.FPS.fpsPow_mul",
                "path": "AlgebraicCombinatorics/FPS/NonIntegerPowers.lean",
                "stderr": ""
              },
              {
                "kind": "theorem",
                "lean_error_count": 4,
                "lean_returncode": 1,
                "line": "1127",
                "messages": [
                  {
                    "column": 8,
                    "data": "automatically included section variable(s) unused in theorem `_private._stdin.0.rescale_neg_one_one_sub_X`:\n  [Algebra \u211a K]\n  [BinomialRing K]\n  [CharZero K]\nconsider restructuring your `variable` declarations so that the variables are not in scope or explicitly omit them:\n  omit [Algebra \u211a K] [BinomialRing K] [CharZero K] in theorem ...\n\nNote: This linter can be disabled with `set_option linter.unusedSectionVars false`",
                    "kind": "linter.unusedSectionVars",
                    "line": 10,
                    "severity": "warning"
                  },
                  {
                    "column": 8,
                    "data": "automatically included section variable(s) unused in theorem `_private._stdin.0.one_sub_X_pow_mul_invOneSubPow`:\n  [Algebra \u211a K]\n  [BinomialRing K]\n  [CharZero K]\nconsider restructuring your `variable` declarations so that the variables are not in scope or explicitly omit them:\n  omit [Algebra \u211a K] [BinomialRing K] [CharZero K] in theorem ...\n\nNote: This linter can be disabled with `set_option linter.unusedSectionVars false`",
                    "kind": "linter.unusedSectionVars",
                    "line": 26,
                    "severity": "warning"
                  },
                  {
                    "column": 8,
                    "data": "automatically included section variable(s) unused in theorem `_private._stdin.0.one_sub_X_sq_pow`:\n  [Algebra \u211a K]\n  [BinomialRing K]\n  [CharZero K]\nconsider restructuring your `variable` declarations so that the variables are not in scope or explicitly omit them:\n  omit [Algebra \u211a K] [BinomialRing K] [CharZero K] in theorem ...\n\nNote: This linter can be disabled with `set_option linter.unusedSectionVars false`",
                    "kind": "linter.unusedSectionVars",
                    "line": 53,
                    "severity": "warning"
                  },
                  {
                    "column": 20,
                    "data": "elaboration function for `Mathlib.Tactic.superscriptTerm` has not been implemented\n  \u1da0",
                    "kind": "[anonymous]",
                    "line": 77,
                    "severity": "error"
                  },
                  {
                    "column": 49,
                    "data": "elaboration function for `Mathlib.Tactic.superscriptTerm` has not been implemented\n  \u1da0",
                    "kind": "[anonymous]",
                    "line": 83,
                    "severity": "error"
                  }
                ],
                "name": "AlgebraicCombinatorics.FPS.generalizedNewtonBinomial",
                "path": "AlgebraicCombinatorics/FPS/NonIntegerPowers.lean",
                "stderr": ""
              },
              {
                "kind": "theorem",
                "lean_error_count": 14,
                "lean_returncode": 1,
                "line": "1838",
                "messages": [
                  {
                    "column": 8,
                    "data": "automatically included section variable(s) unused in theorem `_private._stdin.0.rescale_neg_one_one_sub_X`:\n  [Algebra \u211a K]\n  [BinomialRing K]\n  [CharZero K]\nconsider restructuring your `variable` declarations so that the variables are not in scope or explicitly omit them:\n  omit [Algebra \u211a K] [BinomialRing K] [CharZero K] in theorem ...\n\nNote: This linter can be disabled with `set_option linter.unusedSectionVars false`",
                    "kind": "linter.unusedSectionVars",
                    "line": 10,
                    "severity": "warning"
                  },
                  {
                    "column": 8,
                    "data": "automatically included section variable(s) unused in theorem `_private._stdin.0.one_sub_X_pow_mul_invOneSubPow`:\n  [Algebra \u211a K]\n  [BinomialRing K]\n  [CharZero K]\nconsider restructuring your `variable` declarations so that the variables are not in scope or explicitly omit them:\n  omit [Algebra \u211a K] [BinomialRing K] [CharZero K] in theorem ...\n\nNote: This linter can be disabled with `set_option linter.unusedSectionVars false`",
                    "kind": "linter.unusedSectionVars",
                    "line": 26,
                    "severity": "warning"
                  },
                  {
                    "column": 8,
                    "data": "automatically included section variable(s) unused in theorem `_private._stdin.0.one_sub_X_sq_pow`:\n  [Algebra \u211a K]\n  [BinomialRing K]\n  [CharZero K]\nconsider restructuring your `variable` declarations so that the variables are not in scope or explicitly omit them:\n  omit [Algebra \u211a K] [BinomialRing K] [CharZero K] in theorem ...\n\nNote: This linter can be disabled with `set_option linter.unusedSectionVars false`",
                    "kind": "linter.unusedSectionVars",
                    "line": 53,
                    "severity": "warning"
                  },
                  {
                    "column": 0,
                    "data": "expected '{' or indented tactic sequence",
                    "kind": "[anonymous]",
                    "line": 93,
                    "severity": "error"
                  },
                  {
                    "column": 4,
                    "data": "Function expected at\n  f_series'\nbut this term has type\n  ?m.6\n\nNote: Expected a function because this term is being applied to the argument\n  n\n\nHint: The identifier `f_series'` is unknown, and Lean's `autoImplicit` option causes an unknown identifier to be treated as an implicitly bound variable with an unknown type. However, the unknown type cannot be a function, and a function is what Lean expects here. This is often the result of a typo or a missing `import` or `open` statement.",
                    "kind": "[anonymous]",
                    "line": 77,
                    "severity": "error"
                  }
                ],
                "name": "AlgebraicCombinatorics.FPS.key_product_identity'",
                "path": "AlgebraicCombinatorics/FPS/NonIntegerPowers.lean",
                "stderr": ""
              }
            ],
            "rejected_count": 7
          }
        }
      ]
    },
    {
      "compile_passed_units": 0,
      "failure_class_counts": {
        "declined_cannot_prove": 1
      },
      "filtered_invalid_inferred_opens": [],
      "filtered_target_module_imports": [
        "AlgebraicCombinatorics.SignedCounting.SubtractiveMethods"
      ],
      "filtered_target_namespace_opens": [
        "open AlgebraicCombinatorics.SubtractiveMethods"
      ],
      "generation_output": "docs/latex-statement-panel-runs/2026-05-06-fresh-slice5-transitive-localdeps-v1/generation/batch-004/generation-output.json",
      "hidden_target_modules": [
        "AlgebraicCombinatorics.SignedCounting.SubtractiveMethods"
      ],
      "hidden_target_namespaces": [
        "AlgebraicCombinatorics.SubtractiveMethods"
      ],
      "imports": [
        "Mathlib"
      ],
      "inferred_imports": [],
      "inferred_opens": [
        "open Finset BigOperators"
      ],
      "materialize_visible_support": true,
      "opens": [
        "open scoped Polynomial BigOperators",
        "open PowerSeries Finset",
        "open Finset BigOperators"
      ],
      "unfiltered_inferred_imports": [
        "AlgebraicCombinatorics.SignedCounting.SubtractiveMethods"
      ],
      "unfiltered_inferred_opens": [
        "open Finset BigOperators",
        "open AlgebraicCombinatorics.SubtractiveMethods"
      ],
      "unit_count": 1,
      "units": [
        {
          "body_declaration_names": [],
          "compile_passed": false,
          "contract_violations": [],
          "declaration_names": [],
          "failure_class": "declined_cannot_prove",
          "lean_error_count": 0,
          "lean_returncode": null,
          "messages": [],
          "placeholder_tokens": [],
          "reported_status": "cannot_prove_from_visible_context",
          "skipped_reason": "cannot_prove_from_visible_context",
          "stderr": "",
          "unit_key": "unit-004",
          "visible_support_context": {
            "accepted": [
              {
                "kind": "def",
                "line": "55",
                "name": "AlgebraicCombinatorics.SubtractiveMethods.IsAllEven",
                "path": "AlgebraicCombinatorics/SignedCounting/SubtractiveMethods.lean"
              },
              {
                "kind": "def",
                "line": "83",
                "name": "AlgebraicCombinatorics.SubtractiveMethods.toSign",
                "path": "AlgebraicCombinatorics/SignedCounting/SubtractiveMethods.lean"
              },
              {
                "kind": "def",
                "line": "93",
                "name": "AlgebraicCombinatorics.SubtractiveMethods.signProduct",
                "path": "AlgebraicCombinatorics/SignedCounting/SubtractiveMethods.lean"
              },
              {
                "kind": "lemma",
                "line": "99",
                "name": "AlgebraicCombinatorics.SubtractiveMethods.toSign_sq",
                "path": "AlgebraicCombinatorics/SignedCounting/SubtractiveMethods.lean"
              },
              {
                "kind": "lemma",
                "line": "111",
                "name": "AlgebraicCombinatorics.SubtractiveMethods.toSign_pow_odd",
                "path": "AlgebraicCombinatorics/SignedCounting/SubtractiveMethods.lean"
              },
              {
                "kind": "lemma",
                "line": "119",
                "name": "AlgebraicCombinatorics.SubtractiveMethods.toSign_add_one",
                "path": "AlgebraicCombinatorics/SignedCounting/SubtractiveMethods.lean"
              },
              {
                "kind": "def",
                "line": "155",
                "name": "AlgebraicCombinatorics.SubtractiveMethods.signSum",
                "path": "AlgebraicCombinatorics/SignedCounting/SubtractiveMethods.lean"
              }
            ],
            "accepted_count": 7,
            "candidate_count": 9,
            "rejected": [
              {
                "kind": "def",
                "lean_error_count": 1,
                "lean_returncode": 1,
                "line": "64",
                "messages": [
                  {
                    "column": 4,
                    "data": "`multiplicity` has already been declared",
                    "kind": "[anonymous]",
                    "line": 22,
                    "severity": "error"
                  }
                ],
                "name": "AlgebraicCombinatorics.SubtractiveMethods.multiplicity",
                "path": "AlgebraicCombinatorics/SignedCounting/SubtractiveMethods.lean",
                "stderr": ""
              },
              {
                "kind": "theorem",
                "lean_error_count": 2,
                "lean_returncode": 1,
                "line": "126",
                "messages": [
                  {
                    "column": 68,
                    "data": "Application type mismatch: The argument\n  k\nhas type\n  Fin d\nbut is expected to have type\n  Fin n \u2192 Fin d\nin the application\n  multiplicity x k",
                    "kind": "[anonymous]",
                    "line": 23,
                    "severity": "error"
                  },
                  {
                    "column": 53,
                    "data": "failed to synthesize instance of type class\n  Monoid (Fin n \u2192 Fin d)\n\nHint: Type class instance resolution failures can be inspected with the `set_option trace.Meta.synthInstance true` command.",
                    "kind": "lean.synthInstanceFailed._namedError",
                    "line": 23,
                    "severity": "error"
                  }
                ],
                "name": "AlgebraicCombinatorics.SubtractiveMethods.signProduct_eq_prod_pow",
                "path": "AlgebraicCombinatorics/SignedCounting/SubtractiveMethods.lean",
                "stderr": ""
              }
            ],
            "rejected_count": 2
          }
        }
      ]
    },
    {
      "compile_passed_units": 0,
      "failure_class_counts": {
        "declined_cannot_prove": 1
      },
      "filtered_invalid_inferred_opens": [],
      "filtered_target_module_imports": [
        "AlgebraicCombinatorics.SymmetricFunctions.PieriJacobiTrudi"
      ],
      "filtered_target_namespace_opens": [
        "open SymmetricFunctions"
      ],
      "generation_output": "docs/latex-statement-panel-runs/2026-05-06-fresh-slice5-transitive-localdeps-v1/generation/batch-005/generation-output.json",
      "hidden_target_modules": [
        "AlgebraicCombinatorics.SymmetricFunctions.PieriJacobiTrudi"
      ],
      "hidden_target_namespaces": [
        "SymmetricFunctions"
      ],
      "imports": [
        "Mathlib",
        "AlgebraicCombinatorics.Determinants.LGV2",
        "AlgebraicCombinatorics.SymmetricFunctions.OmegaInvolution",
        "AlgebraicCombinatorics.SymmetricFunctions.NPartition",
        "AlgebraicCombinatorics.SymmetricFunctions.LittlewoodRichardson"
      ],
      "inferred_imports": [
        "AlgebraicCombinatorics.Determinants.LGV2",
        "AlgebraicCombinatorics.SymmetricFunctions.OmegaInvolution",
        "AlgebraicCombinatorics.SymmetricFunctions.NPartition",
        "AlgebraicCombinatorics.SymmetricFunctions.LittlewoodRichardson"
      ],
      "inferred_opens": [
        "open Finset BigOperators Matrix MvPolynomial"
      ],
      "materialize_visible_support": true,
      "opens": [
        "open scoped Polynomial BigOperators",
        "open PowerSeries Finset",
        "open Finset BigOperators Matrix MvPolynomial"
      ],
      "unfiltered_inferred_imports": [
        "AlgebraicCombinatorics.SymmetricFunctions.PieriJacobiTrudi",
        "AlgebraicCombinatorics.Determinants.LGV2",
        "AlgebraicCombinatorics.SymmetricFunctions.OmegaInvolution",
        "AlgebraicCombinatorics.SymmetricFunctions.NPartition",
        "AlgebraicCombinatorics.SymmetricFunctions.LittlewoodRichardson"
      ],
      "unfiltered_inferred_opens": [
        "open Finset BigOperators Matrix MvPolynomial",
        "open SymmetricFunctions"
      ],
      "unit_count": 1,
      "units": [
        {
          "body_declaration_names": [],
          "compile_passed": false,
          "contract_violations": [],
          "declaration_names": [],
          "failure_class": "declined_cannot_prove",
          "lean_error_count": 0,
          "lean_returncode": null,
          "messages": [],
          "placeholder_tokens": [],
          "reported_status": "cannot_prove_from_visible_context",
          "skipped_reason": "cannot_prove_from_visible_context",
          "stderr": "",
          "unit_key": "unit-005",
          "visible_support_context": {
            "accepted": [
              {
                "kind": "theorem",
                "line": "126",
                "name": "ext",
                "path": "AlgebraicCombinatorics/SymmetricFunctions/PieriJacobiTrudi.lean"
              },
              {
                "kind": "def",
                "line": "1447",
                "name": "SymmetricFunctions.hasSizeDiff",
                "path": "AlgebraicCombinatorics/SymmetricFunctions/PieriJacobiTrudi.lean"
              },
              {
                "kind": "def",
                "line": "1470",
                "name": "SymmetricFunctions.isVerticalStripFun",
                "path": "AlgebraicCombinatorics/SymmetricFunctions/PieriJacobiTrudi.lean"
              },
              {
                "kind": "def",
                "line": "2645",
                "name": "SymmetricFunctions.hsymmExt",
                "path": "AlgebraicCombinatorics/SymmetricFunctions/PieriJacobiTrudi.lean"
              },
              {
                "kind": "theorem",
                "line": "2649",
                "name": "SymmetricFunctions.hsymmExt_isSymmetric",
                "path": "AlgebraicCombinatorics/SymmetricFunctions/PieriJacobiTrudi.lean"
              },
              {
                "kind": "def",
                "line": "2657",
                "name": "SymmetricFunctions.jacobiTrudiMatrixH",
                "path": "AlgebraicCombinatorics/SymmetricFunctions/PieriJacobiTrudi.lean"
              }
            ],
            "accepted_count": 6,
            "candidate_count": 13,
            "rejected": [
              {
                "kind": "structure",
                "lean_error_count": 1,
                "lean_returncode": 1,
                "line": "115",
                "messages": [
                  {
                    "column": 10,
                    "data": "`NPartition` has already been declared",
                    "kind": "[anonymous]",
                    "line": 50,
                    "severity": "error"
                  }
                ],
                "name": "SymmetricFunctions.NPartition",
                "path": "AlgebraicCombinatorics/SymmetricFunctions/PieriJacobiTrudi.lean",
                "stderr": ""
              },
              {
                "kind": "def",
                "lean_error_count": 2,
                "lean_returncode": 1,
                "line": "1276",
                "messages": [
                  {
                    "column": 8,
                    "data": "Unknown identifier `ssytFinset`",
                    "kind": "lean.unknownIdentifier._namedError",
                    "line": 51,
                    "severity": "error"
                  },
                  {
                    "column": 24,
                    "data": "Invalid field notation: Type of\n  T\nis not known; cannot resolve field `toMonomial`",
                    "kind": "lean.invalidField._namedError",
                    "line": 51,
                    "severity": "error"
                  }
                ],
                "name": "SymmetricFunctions.schur",
                "path": "AlgebraicCombinatorics/SymmetricFunctions/PieriJacobiTrudi.lean",
                "stderr": ""
              },
              {
                "kind": "def",
                "lean_error_count": 3,
                "lean_returncode": 1,
                "line": "1484",
                "messages": [
                  {
                    "column": 39,
                    "data": "Function expected at\n  isWeaklyDecreasing\nbut this term has type\n  ?m.1\n\nNote: Expected a function because this term is being applied to the argument\n  f\n\nHint: The identifier `isWeaklyDecreasing` is unknown, and Lean's `autoImplicit` option causes an unknown identifier to be treated as an implicitly bound variable with an unknown type. However, the unknown type cannot be a function, and a function is what Lean expects here. This is often the result of a typo or a missing `import` or `open` statement.",
                    "kind": "[anonymous]",
                    "line": 50,
                    "severity": "error"
                  },
                  {
                    "column": 2,
                    "data": "`weaklyDecreasing` is not a field of structure `NPartition`",
                    "kind": "[anonymous]",
                    "line": 52,
                    "severity": "error"
                  },
                  {
                    "column": 76,
                    "data": "Fields missing: `antitone`",
                    "kind": "[anonymous]",
                    "line": 50,
                    "severity": "error"
                  }
                ],
                "name": "SymmetricFunctions.toNPartition",
                "path": "AlgebraicCombinatorics/SymmetricFunctions/PieriJacobiTrudi.lean",
                "stderr": ""
              },
              {
                "kind": "def",
                "lean_error_count": 1,
                "lean_returncode": 1,
                "line": "1509",
                "messages": [
                  {
                    "column": 54,
                    "data": "Unknown identifier `verticalStripUpperBound`",
                    "kind": "lean.unknownIdentifier._namedError",
                    "line": 51,
                    "severity": "error"
                  }
                ],
                "name": "SymmetricFunctions.potentialVerticalStrips",
                "path": "AlgebraicCombinatorics/SymmetricFunctions/PieriJacobiTrudi.lean",
                "stderr": ""
              },
              {
                "kind": "def",
                "lean_error_count": 1,
                "lean_returncode": 1,
                "line": "1520",
                "messages": [
                  {
                    "column": 3,
                    "data": "Unknown identifier `potentialVerticalStrips`",
                    "kind": "lean.unknownIdentifier._namedError",
                    "line": 51,
                    "severity": "error"
                  }
                ],
                "name": "SymmetricFunctions.verticalNStripPartitions",
                "path": "AlgebraicCombinatorics/SymmetricFunctions/PieriJacobiTrudi.lean",
                "stderr": ""
              },
              {
                "kind": "theorem",
                "lean_error_count": 3,
                "lean_returncode": 1,
                "line": "2846",
                "messages": [
                  {
                    "column": 96,
                    "data": "unexpected token 'end'; expected ':=', 'where' or '|'",
                    "kind": "[anonymous]",
                    "line": 51,
                    "severity": "error"
                  },
                  {
                    "column": 28,
                    "data": "Invalid argument name `N` for function",
                    "kind": "[anonymous]",
                    "line": 51,
                    "severity": "error"
                  },
                  {
                    "column": 42,
                    "data": "Invalid field notation: Type of\n  p\nis not known; cannot resolve field `weight`\n\nHint: Consider replacing the field projection with a call to one of the following:\n  \u2022 `Finsupp.weight`\n  \u2022 `RootPairingCat.weight`\n  \u2022 `Mathlib.MoveAdd.weight`\n  \u2022 `Quiver.Path.weight`\n  \u2022 `Lean.Firefox.SamplesTable.weight`\n  \u2022 `Lean.Meta.Rewrites.RewriteResult.weight`",
                    "kind": "lean.invalidField._namedError",
                    "line": 51,
                    "severity": "error"
                  }
                ],
                "name": "SymmetricFunctions.pathWeightSum_eq_hsymm",
                "path": "AlgebraicCombinatorics/SymmetricFunctions/PieriJacobiTrudi.lean",
                "stderr": ""
              },
              {
                "kind": "theorem",
                "lean_error_count": 4,
                "lean_returncode": 1,
                "line": "3121",
                "messages": [
                  {
                    "column": 50,
                    "data": "unexpected token 'end'; expected ':=', 'where' or '|'",
                    "kind": "[anonymous]",
                    "line": 57,
                    "severity": "error"
                  },
                  {
                    "column": 10,
                    "data": "Function expected at\n  Nipat\nbut this term has type\n  ?m.1\n\nNote: Expected a function because this term is being applied to the argument\n  lam\n\nHint: The identifier `Nipat` is unknown, and Lean's `autoImplicit` option causes an unknown identifier to be treated as an implicitly bound variable with an unknown type. However, the unknown type cannot be a function, and a function is what Lean expects here. This is often the result of a typo or a missing `import` or `open` statement.",
                    "kind": "[anonymous]",
                    "line": 54,
                    "severity": "error"
                  },
                  {
                    "column": 8,
                    "data": "Function expected at\n  SkewSSYT\nbut this term has type\n  ?m.2\n\nNote: Expected a function because this term is being applied to the argument\n  \u27e8\u27e8lam, hlam\u27e9, \u27e8mu, hmu\u27e9, fun i => hcontained i\u27e9\n\nHint: The identifier `SkewSSYT` is unknown, and Lean's `autoImplicit` option causes an unknown identifier to be treated as an implicitly bound variable with an unknown type. However, the unknown type cannot be a function, and a function is what Lean expects here. This is often the result of a typo or a missing `import` or `open` statement.",
                    "kind": "[anonymous]",
                    "line": 55,
                    "severity": "error"
                  },
                  {
                    "column": 12,
                    "data": "Invalid field notation: Type of\n  np\nis not known; cannot resolve field `weight`\n\nHint: Consider replacing the field projection with a call to one of the following:\n  \u2022 `Finsupp.weight`\n  \u2022 `RootPairingCat.weight`\n  \u2022 `Mathlib.MoveAdd.weight`\n  \u2022 `Quiver.Path.weight`\n  \u2022 `Lean.Firefox.SamplesTable.weight`\n  \u2022 `Lean.Meta.Rewrites.RewriteResult.weight`",
                    "kind": "lean.invalidField._namedError",
                    "line": 57,
                    "severity": "error"
                  }
                ],
                "name": "SymmetricFunctions.nipat_ssyt_bijection",
                "path": "AlgebraicCombinatorics/SymmetricFunctions/PieriJacobiTrudi.lean",
                "stderr": ""
              }
            ],
            "rejected_count": 7
          }
        }
      ]
    }
  ],
  "compile_passed_units": 0,
  "failure_class_counts": {
    "compile_failure": 1,
    "declined_cannot_prove": 4
  },
  "filter_target_module_imports": true,
  "generated_at": "2026-05-06T14:36:43.615003+00:00",
  "generation_run": "docs/latex-statement-panel-runs/2026-05-06-fresh-slice5-transitive-localdeps-v1/generation",
  "infer_context": true,
  "materialize_visible_support": true,
  "project_root": "/home/name/repos/repoprover/algebraic-combinatorics",
  "schema_version": "repoprover.latex_statement_generation_verification.v1",
  "unit_count": 5,
  "validate_inferred_opens": true
}
